<?xml version="1.0" encoding="UTF-8"?>
<testsuite name="com.labacacia.nps.core.AnchorFrameCacheTest" tests="12" skipped="0" failures="0" errors="0" timestamp="2026-04-16T23:16:10" hostname="ols-ts01" time="0.044">
  <properties/>
  <testcase name="getRequiredThrowsWhenMissing()" classname="com.labacacia.nps.core.AnchorFrameCacheTest" time="0.019"/>
  <testcase name="computeAnchorIdIsFieldOrderIndependent()" classname="com.labacacia.nps.core.AnchorFrameCacheTest" time="0.003"/>
  <testcase name="anchorNotFoundErrorCarriesId()" classname="com.labacacia.nps.core.AnchorFrameCacheTest" time="0.001"/>
  <testcase name="poisonDetectionRaisesError()" classname="com.labacacia.nps.core.AnchorFrameCacheTest" time="0.003"/>
  <testcase name="getRequiredReturnsFrame()" classname="com.labacacia.nps.core.AnchorFrameCacheTest" time="0.001"/>
  <testcase name="invalidateRemovesEntry()" classname="com.labacacia.nps.core.AnchorFrameCacheTest" time="0.001"/>
  <testcase name="anchorPoisonErrorCarriesId()" classname="com.labacacia.nps.core.AnchorFrameCacheTest" time="0.001"/>
  <testcase name="sizeEvictsExpiredEntries()" classname="com.labacacia.nps.core.AnchorFrameCacheTest" time="0.003"/>
  <testcase name="setAndGetRoundtrip()" classname="com.labacacia.nps.core.AnchorFrameCacheTest" time="0.001"/>
  <testcase name="computeAnchorIdIsDeterministic()" classname="com.labacacia.nps.core.AnchorFrameCacheTest" time="0.001"/>
  <testcase name="getReturnsNullAfterTtlExpiry()" classname="com.labacacia.nps.core.AnchorFrameCacheTest" time="0.001"/>
  <testcase name="idempotentSetWithSameSchema()" classname="com.labacacia.nps.core.AnchorFrameCacheTest" time="0.001"/>
  <system-out><![CDATA[]]></system-out>
  <system-err><![CDATA[]]></system-err>
</testsuite>
