<?xml version="1.0" encoding="UTF-8"?>
<testsuite name="com.labacacia.nps.nop.NopTest" tests="18" skipped="0" failures="0" errors="0" timestamp="2026-04-16T23:16:14" hostname="ols-ts01" time="0.028">
  <properties/>
  <testcase name="syncFrameDefaults()" classname="com.labacacia.nps.nop.NopTest" time="0.001"/>
  <testcase name="taskFrameRoundtrip()" classname="com.labacacia.nps.nop.NopTest" time="0.001"/>
  <testcase name="nopTaskStatusTerminalStates()" classname="com.labacacia.nps.nop.NopTest" time="0.002"/>
  <testcase name="exponentialDoublesEachAttempt()" classname="com.labacacia.nps.nop.NopTest" time="0.001"/>
  <testcase name="nopTaskStatusNodeResults()" classname="com.labacacia.nps.nop.NopTest" time="0.001"/>
  <testcase name="delegateFrameRoundtrip()" classname="com.labacacia.nps.nop.NopTest" time="0.001"/>
  <testcase name="taskFrameOptionalFieldsNull()" classname="com.labacacia.nps.nop.NopTest" time="0.0"/>
  <testcase name="fixedDelayIgnoresAttempt()" classname="com.labacacia.nps.nop.NopTest" time="0.001"/>
  <testcase name="nopTaskStatusErrorFields()" classname="com.labacacia.nps.nop.NopTest" time="0.001"/>
  <testcase name="taskStateFromValue()" classname="com.labacacia.nps.nop.NopTest" time="0.001"/>
  <testcase name="alignStreamFrameWithError()" classname="com.labacacia.nps.nop.NopTest" time="0.002"/>
  <testcase name="alignStreamFrameNullError()" classname="com.labacacia.nps.nop.NopTest" time="0.001"/>
  <testcase name="nopTaskStatusGetters()" classname="com.labacacia.nps.nop.NopTest" time="0.001"/>
  <testcase name="syncFrameRoundtrip()" classname="com.labacacia.nps.nop.NopTest" time="0.001"/>
  <testcase name="delegateFrameOptionals()" classname="com.labacacia.nps.nop.NopTest" time="0.0"/>
  <testcase name="nopTaskStatusToString()" classname="com.labacacia.nps.nop.NopTest" time="0.006"/>
  <testcase name="linearScalesWithAttempt()" classname="com.labacacia.nps.nop.NopTest" time="0.0"/>
  <testcase name="delayIsCappedAtMaxMs()" classname="com.labacacia.nps.nop.NopTest" time="0.001"/>
  <system-out><![CDATA[]]></system-out>
  <system-err><![CDATA[]]></system-err>
</testsuite>
