<?xml version="1.0" encoding="UTF-8"?>
<testsuite name="com.labacacia.nps.ndp.NdpTest" tests="25" skipped="0" failures="0" errors="0" timestamp="2026-04-16T23:16:10" hostname="ols-ts01" time="0.141">
  <properties/>
  <testcase name="getByNidReturnsNullForUnknown()" classname="com.labacacia.nps.ndp.NdpTest" time="0.001"/>
  <testcase name="invalidNid()" classname="com.labacacia.nps.ndp.NdpTest" time="0.001"/>
  <testcase name="announceFrameCodecRoundtrip()" classname="com.labacacia.nps.ndp.NdpTest" time="0.048"/>
  <testcase name="validatesCorrectlySignedFrame()" classname="com.labacacia.nps.ndp.NdpTest" time="0.017"/>
  <testcase name="resolveReturnsMatchingEntry()" classname="com.labacacia.nps.ndp.NdpTest" time="0.005"/>
  <testcase name="resultFail()" classname="com.labacacia.nps.ndp.NdpTest" time="0.002"/>
  <testcase name="resultOk()" classname="com.labacacia.nps.ndp.NdpTest" time="0.001"/>
  <testcase name="ttlZeroDeregisters()" classname="com.labacacia.nps.ndp.NdpTest" time="0.008"/>
  <testcase name="nonNwpTarget()" classname="com.labacacia.nps.ndp.NdpTest" time="0.001"/>
  <testcase name="ttlExpiry()" classname="com.labacacia.nps.ndp.NdpTest" time="0.005"/>
  <testcase name="siblingPath()" classname="com.labacacia.nps.ndp.NdpTest" time="0.001"/>
  <testcase name="resolveReturnsNullForNonMatch()" classname="com.labacacia.nps.ndp.NdpTest" time="0.012"/>
  <testcase name="graphFrameRoundtrip()" classname="com.labacacia.nps.ndp.NdpTest" time="0.001"/>
  <testcase name="resolveFrameRoundtrip()" classname="com.labacacia.nps.ndp.NdpTest" time="0.001"/>
  <testcase name="removePublicKeyDeregisters()" classname="com.labacacia.nps.ndp.NdpTest" time="0.002"/>
  <testcase name="resolveFrameOptionalFieldsNull()" classname="com.labacacia.nps.ndp.NdpTest" time="0.001"/>
  <testcase name="rejectsWrongSignaturePrefix()" classname="com.labacacia.nps.ndp.NdpTest" time="0.002"/>
  <testcase name="getAllReturnsActiveEntries()" classname="com.labacacia.nps.ndp.NdpTest" time="0.008"/>
  <testcase name="differentAuthority()" classname="com.labacacia.nps.ndp.NdpTest" time="0.0"/>
  <testcase name="subPathMatch()" classname="com.labacacia.nps.ndp.NdpTest" time="0.0"/>
  <testcase name="announceFrameRoundtrip()" classname="com.labacacia.nps.ndp.NdpTest" time="0.004"/>
  <testcase name="announceAndGetByNid()" classname="com.labacacia.nps.ndp.NdpTest" time="0.004"/>
  <testcase name="validatorFailsWhenNoKeyRegistered()" classname="com.labacacia.nps.ndp.NdpTest" time="0.004"/>
  <testcase name="noSlashInTarget()" classname="com.labacacia.nps.ndp.NdpTest" time="0.001"/>
  <testcase name="exactMatch()" classname="com.labacacia.nps.ndp.NdpTest" time="0.0"/>
  <system-out><![CDATA[]]></system-out>
  <system-err><![CDATA[]]></system-err>
</testsuite>
