<?xml version="1.0" encoding="UTF-8"?>
<testsuite name="com.labacacia.nps.core.FrameHeaderTest" tests="8" skipped="0" failures="0" errors="0" timestamp="2026-04-16T23:16:10" hostname="ols-ts01" time="0.016">
  <properties/>
  <testcase name="roundTripsExtendedHeader()" classname="com.labacacia.nps.core.FrameHeaderTest" time="0.002"/>
  <testcase name="encodingTierDetectedCorrectly()" classname="com.labacacia.nps.core.FrameHeaderTest" time="0.001"/>
  <testcase name="throwsForBufferTooSmall()" classname="com.labacacia.nps.core.FrameHeaderTest" time="0.005"/>
  <testcase name="parsesDefaultHeader()" classname="com.labacacia.nps.core.FrameHeaderTest" time="0.001"/>
  <testcase name="roundTripsDefaultHeader()" classname="com.labacacia.nps.core.FrameHeaderTest" time="0.001"/>
  <testcase name="throwsForExtHeaderWithShortBuffer()" classname="com.labacacia.nps.core.FrameHeaderTest" time="0.0"/>
  <testcase name="parsesExtendedHeader()" classname="com.labacacia.nps.core.FrameHeaderTest" time="0.001"/>
  <testcase name="unknownFrameTypeThrows()" classname="com.labacacia.nps.core.FrameHeaderTest" time="0.001"/>
  <system-out><![CDATA[]]></system-out>
  <system-err><![CDATA[]]></system-err>
</testsuite>
